<?xml version="1.0" encoding="UTF-8"?>
<testsuite name="com.example.racetracker.RaceParticipantTest" tests="2" skipped="0" failures="0" errors="0" timestamp="2024-06-11T11:51:00" hostname="developers-mini" time="0.056">
  <properties/>
  <testcase name="raceParticipant_RaceStarted_ProgressUpdated" classname="com.example.racetracker.RaceParticipantTest" time="0.054"/>
  <testcase name="raceParticipant_RaceFinished_ProgressUpdated" classname="com.example.racetracker.RaceParticipantTest" time="0.002"/>
  <system-out><![CDATA[]]></system-out>
  <system-err><![CDATA[]]></system-err>
</testsuite>
